<?xml version="1.0" encoding="UTF-8"?>
<!-- Generated by org.testng.reporters.JUnitReportReporter -->
<testsuite hostname="TYSS-Rakesh" name="com.tyss.Demo" tests="1" failures="0" timestamp="5 Mar 2018 10:19:26 GMT" time="66.377" errors="0">
  <testcase name="testA" time="66.377" classname="com.tyss.Demo"/>
</testsuite> <!-- com.tyss.Demo -->
